生成启动时间为 2016/10/11 22:26:13。
     1>项目“D:\MyProject\MyFaceDetect\MyFaceDetect\MyFaceDetect.vcxproj”在节点 2 上(Rebuild 个目标)。
     1>ClCompile:
         D:\Program Files (x86)\Microsoft Visual Studio 12.0\VC\bin\CL.exe /c /ZI /nologo /W3 /WX- /Od /Oy- /D WIN32 /D _WINDOWS /D _DEBUG /D _UNICODE /D UNICODE /D _AFXDLL /Gm /EHsc /RTC1 /MDd /GS /fp:precise /Zc:wchar_t /Zc:forScope /Yc"stdafx.h" /Fp"Debug\MyFaceDetect.pch" /Fo"Debug\\" /Fd"Debug\vc120.pdb" /Gd /TP /analyze- /errorReport:prompt stdafx.cpp
         stdafx.cpp
         D:\Program Files (x86)\Microsoft Visual Studio 12.0\VC\bin\CL.exe /c /ZI /nologo /W3 /WX- /Od /Oy- /D WIN32 /D _WINDOWS /D _DEBUG /D _UNICODE /D UNICODE /D _AFXDLL /Gm /EHsc /RTC1 /MDd /GS /fp:precise /Zc:wchar_t /Zc:forScope /Yu"stdafx.h" /Fp"Debug\MyFaceDetect.pch" /Fo"Debug\\" /Fd"Debug\vc120.pdb" /Gd /TP /analyze- /errorReport:prompt MyFaceDetect.cpp MyFaceDetectDlg.cpp
         MyFaceDetectDlg.cpp
     1>d:\myproject\myfacedetect\myfacedetect\myfacedetectdlg.cpp(207): warning C4244: “初始化”: 从“double”转换到“int”，可能丢失数据
     1>d:\myproject\myfacedetect\myfacedetect\myfacedetectdlg.cpp(241): warning C4244: “初始化”: 从“double”转换到“int”，可能丢失数据
         MyFaceDetect.cpp
         正在生成代码...
       ResourceCompile:
         C:\Program Files (x86)\Windows Kits\8.1\bin\x86\rc.exe /D _DEBUG /D _UNICODE /D UNICODE /D _AFXDLL /l"0x0804" /IDebug\ /nologo /fo"Debug\MyFaceDetect.res" MyFaceDetect.rc 
       Link:
         D:\Program Files (x86)\Microsoft Visual Studio 12.0\VC\bin\link.exe /ERRORREPORT:PROMPT /OUT:"D:\MyProject\MyFaceDetect\Debug\MyFaceDetect.exe" /INCREMENTAL /NOLOGO opencv_ml2410d.lib opencv_calib3d2410d.lib opencv_contrib2410d.lib opencv_core2410d.lib opencv_features2d2410d.lib opencv_flann2410d.lib opencv_gpu2410d.lib opencv_highgui2410d.lib opencv_imgproc2410d.lib opencv_legacy2410d.lib opencv_objdetect2410d.lib opencv_ts2410d.lib opencv_video2410d.lib opencv_nonfree2410d.lib opencv_ocl2410d.lib opencv_photo2410d.lib opencv_stitching2410d.lib opencv_superres2410d.lib opencv_videostab2410d.lib /MANIFEST /MANIFESTUAC:"level='asInvoker' uiAccess='false'" /manifest:embed /manifestinput:"D:\Program Files (x86)\Microsoft Visual Studio 12.0\VC\Include\Manifest\dpiaware.manifest" /DEBUG /PDB:"D:\MyProject\MyFaceDetect\Debug\MyFaceDetect.pdb" /SUBSYSTEM:WINDOWS /TLBID:1 /ENTRY:"wWinMainCRTStartup" /DYNAMICBASE /NXCOMPAT /IMPLIB:"D:\MyProject\MyFaceDetect\Debug\MyFaceDetect.lib" /MACHINE:X86 Debug\MyFaceDetect.res
         Debug\MyFaceDetect.obj
         Debug\MyFaceDetectDlg.obj
         Debug\stdafx.obj
         MyFaceDetect.vcxproj -> D:\MyProject\MyFaceDetect\Debug\MyFaceDetect.exe
     1>已完成生成项目“D:\MyProject\MyFaceDetect\MyFaceDetect\MyFaceDetect.vcxproj”(Rebuild 个目标)的操作。

生成成功。

已用时间 00:00:10.80
